<?xml version="1.0" encoding="UTF-8"?>
<testng-results ignored="0" total="16" passed="16" failed="0" skipped="0">
  <reporter-output>
  </reporter-output>
  <suite started-at="2025-05-22T19:49:53 IST" name="Suite" finished-at="2025-05-22T19:57:22 IST" duration-ms="449273">
    <groups>
    </groups>
    <test started-at="2025-05-22T19:49:53 IST" name="Test" finished-at="2025-05-22T19:57:22 IST" duration-ms="449273">
      <class name="com.TricentisVehicleProject.AllTests">
        <test-method is-config="true" signature="setUp()[pri:0, instance:com.TricentisVehicleProject.AllTests@6f03482]" started-at="2025-05-22T19:49:53 IST" name="setUp" finished-at="2025-05-22T19:50:01 IST" duration-ms="7754" status="PASS">
          <reporter-output>
          </reporter-output>
        </test-method> <!-- setUp -->
        <test-method signature="automobileTests(java.lang.String,java.lang.String,java.lang.String,java.lang.String,java.lang.String)[pri:1, instance:com.TricentisVehicleProject.AllTests@6f03482]" started-at="2025-05-22T19:50:01 IST" name="automobileTests" data-provider="automobileData" finished-at="2025-05-22T19:50:50 IST" duration-ms="48888" status="PASS">
          <params>
            <param index="0">
              <value>
                <![CDATA[235.00]]>
              </value>
            </param>
            <param index="1">
              <value>
                <![CDATA[No]]>
              </value>
            </param>
            <param index="2">
              <value>
                <![CDATA[No]]>
              </value>
            </param>
            <param index="3">
              <value>
                <![CDATA[No]]>
              </value>
            </param>
            <param index="4">
              <value>
                <![CDATA[Silver]]>
              </value>
            </param>
          </params>
          <reporter-output>
          </reporter-output>
        </test-method> <!-- automobileTests -->
        <test-method signature="automobileTests(java.lang.String,java.lang.String,java.lang.String,java.lang.String,java.lang.String)[pri:1, instance:com.TricentisVehicleProject.AllTests@6f03482]" started-at="2025-05-22T19:50:50 IST" name="automobileTests" data-provider="automobileData" finished-at="2025-05-22T19:51:24 IST" duration-ms="34525" status="PASS">
          <params>
            <param index="0">
              <value>
                <![CDATA[694.00]]>
              </value>
            </param>
            <param index="1">
              <value>
                <![CDATA[Submit]]>
              </value>
            </param>
            <param index="2">
              <value>
                <![CDATA[2]]>
              </value>
            </param>
            <param index="3">
              <value>
                <![CDATA[Limited]]>
              </value>
            </param>
            <param index="4">
              <value>
                <![CDATA[Gold]]>
              </value>
            </param>
          </params>
          <reporter-output>
          </reporter-output>
        </test-method> <!-- automobileTests -->
        <test-method signature="automobileTests(java.lang.String,java.lang.String,java.lang.String,java.lang.String,java.lang.String)[pri:1, instance:com.TricentisVehicleProject.AllTests@6f03482]" started-at="2025-05-22T19:51:24 IST" name="automobileTests" data-provider="automobileData" finished-at="2025-05-22T19:51:59 IST" duration-ms="34453" status="PASS">
          <params>
            <param index="0">
              <value>
                <![CDATA[1,362.00]]>
              </value>
            </param>
            <param index="1">
              <value>
                <![CDATA[Submit]]>
              </value>
            </param>
            <param index="2">
              <value>
                <![CDATA[5]]>
              </value>
            </param>
            <param index="3">
              <value>
                <![CDATA[Limited]]>
              </value>
            </param>
            <param index="4">
              <value>
                <![CDATA[Platinum]]>
              </value>
            </param>
          </params>
          <reporter-output>
          </reporter-output>
        </test-method> <!-- automobileTests -->
        <test-method signature="automobileTests(java.lang.String,java.lang.String,java.lang.String,java.lang.String,java.lang.String)[pri:1, instance:com.TricentisVehicleProject.AllTests@6f03482]" started-at="2025-05-22T19:51:59 IST" name="automobileTests" data-provider="automobileData" finished-at="2025-05-22T19:52:34 IST" duration-ms="35053" status="PASS">
          <params>
            <param index="0">
              <value>
                <![CDATA[2,595.00]]>
              </value>
            </param>
            <param index="1">
              <value>
                <![CDATA[Submit]]>
              </value>
            </param>
            <param index="2">
              <value>
                <![CDATA[10]]>
              </value>
            </param>
            <param index="3">
              <value>
                <![CDATA[Unlimited]]>
              </value>
            </param>
            <param index="4">
              <value>
                <![CDATA[Ultimate]]>
              </value>
            </param>
          </params>
          <reporter-output>
          </reporter-output>
        </test-method> <!-- automobileTests -->
        <test-method signature="truckTests(java.lang.String,java.lang.String,java.lang.String,java.lang.String,java.lang.String)[pri:2, instance:com.TricentisVehicleProject.AllTests@6f03482]" started-at="2025-05-22T19:52:34 IST" name="truckTests" data-provider="truckData" finished-at="2025-05-22T19:52:58 IST" duration-ms="24137" status="PASS">
          <params>
            <param index="0">
              <value>
                <![CDATA[285.00]]>
              </value>
            </param>
            <param index="1">
              <value>
                <![CDATA[No]]>
              </value>
            </param>
            <param index="2">
              <value>
                <![CDATA[No]]>
              </value>
            </param>
            <param index="3">
              <value>
                <![CDATA[No]]>
              </value>
            </param>
            <param index="4">
              <value>
                <![CDATA[Silver]]>
              </value>
            </param>
          </params>
          <reporter-output>
          </reporter-output>
        </test-method> <!-- truckTests -->
        <test-method signature="truckTests(java.lang.String,java.lang.String,java.lang.String,java.lang.String,java.lang.String)[pri:2, instance:com.TricentisVehicleProject.AllTests@6f03482]" started-at="2025-05-22T19:52:58 IST" name="truckTests" data-provider="truckData" finished-at="2025-05-22T19:53:22 IST" duration-ms="24156" status="PASS">
          <params>
            <param index="0">
              <value>
                <![CDATA[841.00]]>
              </value>
            </param>
            <param index="1">
              <value>
                <![CDATA[Submit]]>
              </value>
            </param>
            <param index="2">
              <value>
                <![CDATA[2]]>
              </value>
            </param>
            <param index="3">
              <value>
                <![CDATA[Limited]]>
              </value>
            </param>
            <param index="4">
              <value>
                <![CDATA[Gold]]>
              </value>
            </param>
          </params>
          <reporter-output>
          </reporter-output>
        </test-method> <!-- truckTests -->
        <test-method signature="truckTests(java.lang.String,java.lang.String,java.lang.String,java.lang.String,java.lang.String)[pri:2, instance:com.TricentisVehicleProject.AllTests@6f03482]" started-at="2025-05-22T19:53:22 IST" name="truckTests" data-provider="truckData" finished-at="2025-05-22T19:53:46 IST" duration-ms="24229" status="PASS">
          <params>
            <param index="0">
              <value>
                <![CDATA[1,651.00]]>
              </value>
            </param>
            <param index="1">
              <value>
                <![CDATA[Submit]]>
              </value>
            </param>
            <param index="2">
              <value>
                <![CDATA[5]]>
              </value>
            </param>
            <param index="3">
              <value>
                <![CDATA[Limited]]>
              </value>
            </param>
            <param index="4">
              <value>
                <![CDATA[Platinum]]>
              </value>
            </param>
          </params>
          <reporter-output>
          </reporter-output>
        </test-method> <!-- truckTests -->
        <test-method signature="truckTests(java.lang.String,java.lang.String,java.lang.String,java.lang.String,java.lang.String)[pri:2, instance:com.TricentisVehicleProject.AllTests@6f03482]" started-at="2025-05-22T19:53:46 IST" name="truckTests" data-provider="truckData" finished-at="2025-05-22T19:54:10 IST" duration-ms="23863" status="PASS">
          <params>
            <param index="0">
              <value>
                <![CDATA[3,145.00]]>
              </value>
            </param>
            <param index="1">
              <value>
                <![CDATA[Submit]]>
              </value>
            </param>
            <param index="2">
              <value>
                <![CDATA[10]]>
              </value>
            </param>
            <param index="3">
              <value>
                <![CDATA[Unlimited]]>
              </value>
            </param>
            <param index="4">
              <value>
                <![CDATA[Ultimate]]>
              </value>
            </param>
          </params>
          <reporter-output>
          </reporter-output>
        </test-method> <!-- truckTests -->
        <test-method signature="motorcycleTests(java.lang.String,java.lang.String,java.lang.String,java.lang.String,java.lang.String)[pri:3, instance:com.TricentisVehicleProject.AllTests@6f03482]" started-at="2025-05-22T19:54:10 IST" name="motorcycleTests" data-provider="motorcycleData" finished-at="2025-05-22T19:54:35 IST" duration-ms="24634" status="PASS">
          <params>
            <param index="0">
              <value>
                <![CDATA[238.00]]>
              </value>
            </param>
            <param index="1">
              <value>
                <![CDATA[No]]>
              </value>
            </param>
            <param index="2">
              <value>
                <![CDATA[No]]>
              </value>
            </param>
            <param index="3">
              <value>
                <![CDATA[No]]>
              </value>
            </param>
            <param index="4">
              <value>
                <![CDATA[Silver]]>
              </value>
            </param>
          </params>
          <reporter-output>
          </reporter-output>
        </test-method> <!-- motorcycleTests -->
        <test-method signature="motorcycleTests(java.lang.String,java.lang.String,java.lang.String,java.lang.String,java.lang.String)[pri:3, instance:com.TricentisVehicleProject.AllTests@6f03482]" started-at="2025-05-22T19:54:35 IST" name="motorcycleTests" data-provider="motorcycleData" finished-at="2025-05-22T19:54:59 IST" duration-ms="24032" status="PASS">
          <params>
            <param index="0">
              <value>
                <![CDATA[701.00]]>
              </value>
            </param>
            <param index="1">
              <value>
                <![CDATA[Submit]]>
              </value>
            </param>
            <param index="2">
              <value>
                <![CDATA[2]]>
              </value>
            </param>
            <param index="3">
              <value>
                <![CDATA[Limited]]>
              </value>
            </param>
            <param index="4">
              <value>
                <![CDATA[Gold]]>
              </value>
            </param>
          </params>
          <reporter-output>
          </reporter-output>
        </test-method> <!-- motorcycleTests -->
        <test-method signature="motorcycleTests(java.lang.String,java.lang.String,java.lang.String,java.lang.String,java.lang.String)[pri:3, instance:com.TricentisVehicleProject.AllTests@6f03482]" started-at="2025-05-22T19:54:59 IST" name="motorcycleTests" data-provider="motorcycleData" finished-at="2025-05-22T19:55:23 IST" duration-ms="24134" status="PASS">
          <params>
            <param index="0">
              <value>
                <![CDATA[1,376.00]]>
              </value>
            </param>
            <param index="1">
              <value>
                <![CDATA[Submit]]>
              </value>
            </param>
            <param index="2">
              <value>
                <![CDATA[5]]>
              </value>
            </param>
            <param index="3">
              <value>
                <![CDATA[Limited]]>
              </value>
            </param>
            <param index="4">
              <value>
                <![CDATA[Platinum]]>
              </value>
            </param>
          </params>
          <reporter-output>
          </reporter-output>
        </test-method> <!-- motorcycleTests -->
        <test-method signature="motorcycleTests(java.lang.String,java.lang.String,java.lang.String,java.lang.String,java.lang.String)[pri:3, instance:com.TricentisVehicleProject.AllTests@6f03482]" started-at="2025-05-22T19:55:23 IST" name="motorcycleTests" data-provider="motorcycleData" finished-at="2025-05-22T19:55:48 IST" duration-ms="25420" status="PASS">
          <params>
            <param index="0">
              <value>
                <![CDATA[2,621.00]]>
              </value>
            </param>
            <param index="1">
              <value>
                <![CDATA[Submit]]>
              </value>
            </param>
            <param index="2">
              <value>
                <![CDATA[10]]>
              </value>
            </param>
            <param index="3">
              <value>
                <![CDATA[Unlimited]]>
              </value>
            </param>
            <param index="4">
              <value>
                <![CDATA[Ultimate]]>
              </value>
            </param>
          </params>
          <reporter-output>
          </reporter-output>
        </test-method> <!-- motorcycleTests -->
        <test-method signature="camperTests(java.lang.String,java.lang.String,java.lang.String,java.lang.String,java.lang.String)[pri:4, instance:com.TricentisVehicleProject.AllTests@6f03482]" started-at="2025-05-22T19:55:48 IST" name="camperTests" data-provider="camperData" finished-at="2025-05-22T19:56:12 IST" duration-ms="23563" status="PASS">
          <params>
            <param index="0">
              <value>
                <![CDATA[280.00]]>
              </value>
            </param>
            <param index="1">
              <value>
                <![CDATA[No]]>
              </value>
            </param>
            <param index="2">
              <value>
                <![CDATA[No]]>
              </value>
            </param>
            <param index="3">
              <value>
                <![CDATA[No]]>
              </value>
            </param>
            <param index="4">
              <value>
                <![CDATA[Silver]]>
              </value>
            </param>
          </params>
          <reporter-output>
          </reporter-output>
        </test-method> <!-- camperTests -->
        <test-method signature="camperTests(java.lang.String,java.lang.String,java.lang.String,java.lang.String,java.lang.String)[pri:4, instance:com.TricentisVehicleProject.AllTests@6f03482]" started-at="2025-05-22T19:56:12 IST" name="camperTests" data-provider="camperData" finished-at="2025-05-22T19:56:35 IST" duration-ms="23076" status="PASS">
          <params>
            <param index="0">
              <value>
                <![CDATA[825.00]]>
              </value>
            </param>
            <param index="1">
              <value>
                <![CDATA[Submit]]>
              </value>
            </param>
            <param index="2">
              <value>
                <![CDATA[2]]>
              </value>
            </param>
            <param index="3">
              <value>
                <![CDATA[Limited]]>
              </value>
            </param>
            <param index="4">
              <value>
                <![CDATA[Gold]]>
              </value>
            </param>
          </params>
          <reporter-output>
          </reporter-output>
        </test-method> <!-- camperTests -->
        <test-method signature="camperTests(java.lang.String,java.lang.String,java.lang.String,java.lang.String,java.lang.String)[pri:4, instance:com.TricentisVehicleProject.AllTests@6f03482]" started-at="2025-05-22T19:56:35 IST" name="camperTests" data-provider="camperData" finished-at="2025-05-22T19:56:58 IST" duration-ms="23097" status="PASS">
          <params>
            <param index="0">
              <value>
                <![CDATA[1,620.00]]>
              </value>
            </param>
            <param index="1">
              <value>
                <![CDATA[Submit]]>
              </value>
            </param>
            <param index="2">
              <value>
                <![CDATA[5]]>
              </value>
            </param>
            <param index="3">
              <value>
                <![CDATA[Limited]]>
              </value>
            </param>
            <param index="4">
              <value>
                <![CDATA[Platinum]]>
              </value>
            </param>
          </params>
          <reporter-output>
          </reporter-output>
        </test-method> <!-- camperTests -->
        <test-method signature="camperTests(java.lang.String,java.lang.String,java.lang.String,java.lang.String,java.lang.String)[pri:4, instance:com.TricentisVehicleProject.AllTests@6f03482]" started-at="2025-05-22T19:56:58 IST" name="camperTests" data-provider="camperData" finished-at="2025-05-22T19:57:22 IST" duration-ms="23633" status="PASS">
          <params>
            <param index="0">
              <value>
                <![CDATA[3,086.00]]>
              </value>
            </param>
            <param index="1">
              <value>
                <![CDATA[Submit]]>
              </value>
            </param>
            <param index="2">
              <value>
                <![CDATA[10]]>
              </value>
            </param>
            <param index="3">
              <value>
                <![CDATA[Unlimited]]>
              </value>
            </param>
            <param index="4">
              <value>
                <![CDATA[Ultimate]]>
              </value>
            </param>
          </params>
          <reporter-output>
          </reporter-output>
        </test-method> <!-- camperTests -->
        <test-method is-config="true" signature="tearDown()[pri:0, instance:com.TricentisVehicleProject.AllTests@6f03482]" started-at="2025-05-22T19:57:22 IST" name="tearDown" finished-at="2025-05-22T19:57:22 IST" duration-ms="392" status="PASS">
          <reporter-output>
          </reporter-output>
        </test-method> <!-- tearDown -->
      </class> <!-- com.TricentisVehicleProject.AllTests -->
    </test> <!-- Test -->
  </suite> <!-- Suite -->
</testng-results>
