<?xml version="1.0" encoding="UTF-8"?>
<!-- Generated by org.testng.reporters.JUnitXMLReporter -->
<testsuite ignored="0" hostname="DESKTOP-TQN180S" failures="0" tests="16" name="Test" time="449.273" errors="0" timestamp="2025-05-22T19:57:22 IST">
  <testcase classname="com.TricentisVehicleProject.AllTests" name="automobileTests" time="48.888"/>
  <testcase classname="com.TricentisVehicleProject.AllTests" name="automobileTests" time="34.525"/>
  <testcase classname="com.TricentisVehicleProject.AllTests" name="automobileTests" time="34.453"/>
  <testcase classname="com.TricentisVehicleProject.AllTests" name="automobileTests" time="35.053"/>
  <testcase classname="com.TricentisVehicleProject.AllTests" name="truckTests" time="24.137"/>
  <testcase classname="com.TricentisVehicleProject.AllTests" name="truckTests" time="24.156"/>
  <testcase classname="com.TricentisVehicleProject.AllTests" name="truckTests" time="24.229"/>
  <testcase classname="com.TricentisVehicleProject.AllTests" name="truckTests" time="23.863"/>
  <testcase classname="com.TricentisVehicleProject.AllTests" name="motorcycleTests" time="24.634"/>
  <testcase classname="com.TricentisVehicleProject.AllTests" name="motorcycleTests" time="24.032"/>
  <testcase classname="com.TricentisVehicleProject.AllTests" name="motorcycleTests" time="24.134"/>
  <testcase classname="com.TricentisVehicleProject.AllTests" name="motorcycleTests" time="25.42"/>
  <testcase classname="com.TricentisVehicleProject.AllTests" name="camperTests" time="23.563"/>
  <testcase classname="com.TricentisVehicleProject.AllTests" name="camperTests" time="23.076"/>
  <testcase classname="com.TricentisVehicleProject.AllTests" name="camperTests" time="23.097"/>
  <testcase classname="com.TricentisVehicleProject.AllTests" name="camperTests" time="23.633"/>
</testsuite> <!-- Test -->
